<?xml version="1.0" encoding="UTF-8"?>
<!-- Generated by org.testng.reporters.JUnitReportReporter -->
<testsuite hostname="CXWINLT054" failures="0" tests="1" name="com.demoproject.testcases.RegistrationTest" time="2.051" errors="0" timestamp="2023-03-05T13:09:42 IST" skipped="0">
  <testcase classname="com.demoproject.testcases.RegistrationTest" name="registration" time="2.051"/>
  <system-out/>
</testsuite> <!-- com.demoproject.testcases.RegistrationTest -->
